<?xml version="1.0" encoding="UTF-8"?>
<!-- Generated by org.testng.reporters.JUnitXMLReporter -->
<testsuite hostname="jatinkapoor01" ignored="18" name="Test" tests="21" failures="4" timestamp="05 Jul 2021 15:56:08 GMT" time="379.563" errors="0">
  <testcase name="rPoolYoutube" time="4.463" classname="tests.RPoolTest"/>
  <testcase name="redCareDonate" time="6.906" classname="tests.DonateTest"/>
  <testcase name="bookBus_RTCOperator" time="15.249" classname="tests.SitemapTest"/>
  <testcase name="bookPilgrimagePackage" time="10.738" classname="tests.SitemapTest"/>
  <testcase name="careers" time="10.107" classname="tests.FooterTest"/>
  <testcase name="contactUs" time="9.139" classname="tests.FooterTest"/>
  <testcase name="searchBlog" time="6.976" classname="tests.FooterTest"/>
  <testcase name="manageBooking" time="2.552" classname="tests.HomePageTest">
    <failure type="java.lang.AssertionError" message="expected [false] but found [true]">
      <![CDATA[java.lang.AssertionError: expected [false] but found [true]
at tests.HomePageTest.manageBooking(HomePageTest.java:57)
... Removed 29 stack frames]]>
    </failure>
  </testcase> <!-- manageBooking -->
  <testcase name="navigateToCountry" time="4.473" classname="tests.HomePageTest"/>
  <testcase name="smsAppLink" time="0.658" classname="tests.HomePageTest"/>
  <testcase name="busHireAirport" time="14.155" classname="tests.BusHireTest"/>
  <testcase name="busHireLocal" time="9.09" classname="tests.BusHireTest"/>
  <testcase name="busHireOutstation" time="20.296" classname="tests.BusHireTest"/>
  <testcase name="invalidEmail" time="9.17" classname="tests.LoginTest">
    <failure type="java.lang.AssertionError" message="expected [Sign in - Google Accounts] but found [Book Bus Travels, AC Volvo Bus, rPool &amp;amp; Bus Hire - redBus India]">
      <![CDATA[java.lang.AssertionError: expected [Sign in - Google Accounts] but found [Book Bus Travels, AC Volvo Bus, rPool & Bus Hire - redBus India]
at tests.LoginTest.invalidEmail(LoginTest.java:108)
... Removed 31 stack frames]]>
    </failure>
  </testcase> <!-- invalidEmail -->
  <testcase name="invalidPassword" time="8.726" classname="tests.LoginTest">
    <failure type="java.lang.AssertionError" message="expected [Sign in - Google Accounts] but found [Book Bus Travels, AC Volvo Bus, rPool &amp;amp; Bus Hire - redBus India]">
      <![CDATA[java.lang.AssertionError: expected [Sign in - Google Accounts] but found [Book Bus Travels, AC Volvo Bus, rPool & Bus Hire - redBus India]
at tests.LoginTest.invalidPassword(LoginTest.java:140)
... Removed 31 stack frames]]>
    </failure>
  </testcase> <!-- invalidPassword -->
  <testcase name="validLogin" time="25.812" classname="tests.LoginTest"/>
  <testcase name="topOperator" time="7.275" classname="tests.TopOperatorTest"/>
  <testcase name="helpChatBot" time="10.847" classname="tests.HelpTest"/>
  <testcase name="invalidSearchBus" time="5.492" classname="tests.SearchBusTest">
    <failure type="java.lang.AssertionError" message="expected [Search Bus Tickets] but found [Book Bus Travels, AC Volvo Bus, rPool &amp;amp; Bus Hire - redBus India]">
      <![CDATA[java.lang.AssertionError: expected [Search Bus Tickets] but found [Book Bus Travels, AC Volvo Bus, rPool & Bus Hire - redBus India]
at tests.SearchBusTest.invalidSearchBus(SearchBusTest.java:110)
... Removed 31 stack frames]]>
    </failure>
  </testcase> <!-- invalidSearchBus -->
  <testcase name="toggleSearchBus" time="6.134" classname="tests.SearchBusTest"/>
  <testcase name="validSearchBus" time="6.219" classname="tests.SearchBusTest"/>
  <testcase name="@AfterSuite endReport" time="0.0" classname="tests.BaseTest">
    <ignored/>
  </testcase> <!-- @AfterSuite endReport -->
  <testcase name="@AfterSuite endReport" time="0.0" classname="tests.BaseTest">
    <ignored/>
  </testcase> <!-- @AfterSuite endReport -->
  <testcase name="@AfterSuite endReport" time="0.0" classname="tests.BaseTest">
    <ignored/>
  </testcase> <!-- @AfterSuite endReport -->
  <testcase name="@AfterSuite endReport" time="0.0" classname="tests.BaseTest">
    <ignored/>
  </testcase> <!-- @AfterSuite endReport -->
  <testcase name="@AfterSuite endReport" time="0.0" classname="tests.BaseTest">
    <ignored/>
  </testcase> <!-- @AfterSuite endReport -->
  <testcase name="@AfterSuite endReport" time="0.0" classname="tests.BaseTest">
    <ignored/>
  </testcase> <!-- @AfterSuite endReport -->
  <testcase name="@AfterSuite endReport" time="0.0" classname="tests.BaseTest">
    <ignored/>
  </testcase> <!-- @AfterSuite endReport -->
  <testcase name="@AfterSuite endReport" time="0.0" classname="tests.BaseTest">
    <ignored/>
  </testcase> <!-- @AfterSuite endReport -->
  <testcase name="@AfterSuite endReport" time="0.0" classname="tests.BaseTest">
    <ignored/>
  </testcase> <!-- @AfterSuite endReport -->
  <testcase name="@BeforeSuite setExtent" time="0.0" classname="tests.BaseTest">
    <ignored/>
  </testcase> <!-- @BeforeSuite setExtent -->
  <testcase name="@BeforeSuite setExtent" time="0.0" classname="tests.BaseTest">
    <ignored/>
  </testcase> <!-- @BeforeSuite setExtent -->
  <testcase name="@BeforeSuite setExtent" time="0.0" classname="tests.BaseTest">
    <ignored/>
  </testcase> <!-- @BeforeSuite setExtent -->
  <testcase name="@BeforeSuite setExtent" time="0.0" classname="tests.BaseTest">
    <ignored/>
  </testcase> <!-- @BeforeSuite setExtent -->
  <testcase name="@BeforeSuite setExtent" time="0.0" classname="tests.BaseTest">
    <ignored/>
  </testcase> <!-- @BeforeSuite setExtent -->
  <testcase name="@BeforeSuite setExtent" time="0.0" classname="tests.BaseTest">
    <ignored/>
  </testcase> <!-- @BeforeSuite setExtent -->
  <testcase name="@BeforeSuite setExtent" time="0.0" classname="tests.BaseTest">
    <ignored/>
  </testcase> <!-- @BeforeSuite setExtent -->
  <testcase name="@BeforeSuite setExtent" time="0.0" classname="tests.BaseTest">
    <ignored/>
  </testcase> <!-- @BeforeSuite setExtent -->
  <testcase name="@BeforeSuite setExtent" time="0.0" classname="tests.BaseTest">
    <ignored/>
  </testcase> <!-- @BeforeSuite setExtent -->
</testsuite> <!-- Test -->
