<html>
<head>
<title>TestNG:  Test</title>
<link href="../testng.css" rel="stylesheet" type="text/css" />
<link href="../my-testng.css" rel="stylesheet" type="text/css" />

<style type="text/css">
.log { display: none;} 
.stack-trace { display: none;} 
</style>
<script type="text/javascript">
<!--
function flip(e) {
  current = e.style.display;
  if (current == 'block') {
    e.style.display = 'none';
    return 0;
  }
  else {
    e.style.display = 'block';
    return 1;
  }
}

function toggleBox(szDivId, elem, msg1, msg2)
{
  var res = -1;  if (document.getElementById) {
    res = flip(document.getElementById(szDivId));
  }
  else if (document.all) {
    // this is the way old msie versions work
    res = flip(document.all[szDivId]);
  }
  if(elem) {
    if(res == 0) elem.innerHTML = msg1; else elem.innerHTML = msg2;
  }

}

function toggleAllBoxes() {
  if (document.getElementsByTagName) {
    d = document.getElementsByTagName('div');
    for (i = 0; i < d.length; i++) {
      if (d[i].className == 'log') {
        flip(d[i]);
      }
    }
  }
}

// -->
</script>

</head>
<body>
<h2 align='center'>Test</h2><table border='1' align="center">
<tr>
<td>Tests passed/Failed/Skipped:</td><td>17/4/0</td>
</tr><tr>
<td>Started on:</td><td>Mon Jul 05 21:19:48 IST 2021</td>
</tr>
<tr><td>Total time:</td><td>379 seconds (379563 ms)</td>
</tr><tr>
<td>Included groups:</td><td></td>
</tr><tr>
<td>Excluded groups:</td><td></td>
</tr>
</table><p/>
<small><i>(Hover the method name to see the test class name)</i></small><p/>
<table width='100%' border='1' class='invocation-failed'>
<tr><td colspan='4' align='center'><b>FAILED TESTS</b></td></tr>
<tr><td><b>Test method</b></td>
<td width="30%"><b>Exception</b></td>
<td width="10%"><b>Time (seconds)</b></td>
<td><b>Instance</b></td>
</tr>
<tr>
<td title='tests.LoginTest.invalidEmail()'><b>invalidEmail</b><br>Test class: tests.LoginTest<br>Parameters: Yes, test, xvznv</td>
<td><div><pre>java.lang.AssertionError: expected [Sign in - Google Accounts] but found [Book Bus Travels, AC Volvo Bus, rPool &amp; Bus Hire - redBus India]
	at tests.LoginTest.invalidEmail(LoginTest.java:108)
... Removed 31 stack frames</pre></div><a href='#' onClick='toggleBox("stack-trace200760156", this, "Click to show all stack frames", "Click to hide stack frames")'>Click to show all stack frames</a>
<div class='stack-trace' id='stack-trace200760156'><pre>java.lang.AssertionError: expected [Sign in - Google Accounts] but found [Book Bus Travels, AC Volvo Bus, rPool &amp; Bus Hire - redBus India]
	at org.testng.Assert.fail(Assert.java:96)
	at org.testng.Assert.failNotEquals(Assert.java:776)
	at org.testng.Assert.assertEqualsImpl(Assert.java:137)
	at org.testng.Assert.assertEquals(Assert.java:118)
	at org.testng.Assert.assertEquals(Assert.java:453)
	at org.testng.Assert.assertEquals(Assert.java:463)
	at tests.LoginTest.invalidEmail(LoginTest.java:108)
	at sun.reflect.NativeMethodAccessorImpl.invoke0(Native Method)
	at sun.reflect.NativeMethodAccessorImpl.invoke(NativeMethodAccessorImpl.java:62)
	at sun.reflect.DelegatingMethodAccessorImpl.invoke(DelegatingMethodAccessorImpl.java:43)
	at java.lang.reflect.Method.invoke(Method.java:498)
	at org.testng.internal.MethodInvocationHelper.invokeMethod(MethodInvocationHelper.java:124)
	at org.testng.internal.Invoker.invokeMethod(Invoker.java:583)
	at org.testng.internal.Invoker.invokeTestMethod(Invoker.java:719)
	at org.testng.internal.Invoker.invokeTestMethods(Invoker.java:989)
	at org.testng.internal.TestMethodWorker.invokeTestMethods(TestMethodWorker.java:125)
	at org.testng.internal.TestMethodWorker.run(TestMethodWorker.java:109)
	at org.testng.TestRunner.privateRun(TestRunner.java:648)
	at org.testng.TestRunner.run(TestRunner.java:505)
	at org.testng.SuiteRunner.runTest(SuiteRunner.java:455)
	at org.testng.SuiteRunner.runSequentially(SuiteRunner.java:450)
	at org.testng.SuiteRunner.privateRun(SuiteRunner.java:415)
	at org.testng.SuiteRunner.run(SuiteRunner.java:364)
	at org.testng.SuiteRunnerWorker.runSuite(SuiteRunnerWorker.java:52)
	at org.testng.SuiteRunnerWorker.run(SuiteRunnerWorker.java:84)
	at org.testng.TestNG.runSuitesSequentially(TestNG.java:1208)
	at org.testng.TestNG.runSuitesLocally(TestNG.java:1137)
	at org.testng.TestNG.runSuites(TestNG.java:1049)
	at org.testng.TestNG.run(TestNG.java:1017)
	at org.testng.remote.AbstractRemoteTestNG.run(AbstractRemoteTestNG.java:115)
	at org.testng.remote.RemoteTestNG.initAndRun(RemoteTestNG.java:251)
	at org.testng.remote.RemoteTestNG.main(RemoteTestNG.java:77)
</pre></div></td>
<td>9</td>
<td>tests.LoginTest@4e91d63f</td></tr>
<tr>
<td title='tests.LoginTest.invalidPassword()'><b>invalidPassword</b><br>Test class: tests.LoginTest<br>Parameters: Yes, bus1234red@gmail.com, xvznv</td>
<td><div><pre>java.lang.AssertionError: expected [Sign in - Google Accounts] but found [Book Bus Travels, AC Volvo Bus, rPool &amp; Bus Hire - redBus India]
	at tests.LoginTest.invalidPassword(LoginTest.java:140)
... Removed 31 stack frames</pre></div><a href='#' onClick='toggleBox("stack-trace1465691120", this, "Click to show all stack frames", "Click to hide stack frames")'>Click to show all stack frames</a>
<div class='stack-trace' id='stack-trace1465691120'><pre>java.lang.AssertionError: expected [Sign in - Google Accounts] but found [Book Bus Travels, AC Volvo Bus, rPool &amp; Bus Hire - redBus India]
	at org.testng.Assert.fail(Assert.java:96)
	at org.testng.Assert.failNotEquals(Assert.java:776)
	at org.testng.Assert.assertEqualsImpl(Assert.java:137)
	at org.testng.Assert.assertEquals(Assert.java:118)
	at org.testng.Assert.assertEquals(Assert.java:453)
	at org.testng.Assert.assertEquals(Assert.java:463)
	at tests.LoginTest.invalidPassword(LoginTest.java:140)
	at sun.reflect.NativeMethodAccessorImpl.invoke0(Native Method)
	at sun.reflect.NativeMethodAccessorImpl.invoke(NativeMethodAccessorImpl.java:62)
	at sun.reflect.DelegatingMethodAccessorImpl.invoke(DelegatingMethodAccessorImpl.java:43)
	at java.lang.reflect.Method.invoke(Method.java:498)
	at org.testng.internal.MethodInvocationHelper.invokeMethod(MethodInvocationHelper.java:124)
	at org.testng.internal.Invoker.invokeMethod(Invoker.java:583)
	at org.testng.internal.Invoker.invokeTestMethod(Invoker.java:719)
	at org.testng.internal.Invoker.invokeTestMethods(Invoker.java:989)
	at org.testng.internal.TestMethodWorker.invokeTestMethods(TestMethodWorker.java:125)
	at org.testng.internal.TestMethodWorker.run(TestMethodWorker.java:109)
	at org.testng.TestRunner.privateRun(TestRunner.java:648)
	at org.testng.TestRunner.run(TestRunner.java:505)
	at org.testng.SuiteRunner.runTest(SuiteRunner.java:455)
	at org.testng.SuiteRunner.runSequentially(SuiteRunner.java:450)
	at org.testng.SuiteRunner.privateRun(SuiteRunner.java:415)
	at org.testng.SuiteRunner.run(SuiteRunner.java:364)
	at org.testng.SuiteRunnerWorker.runSuite(SuiteRunnerWorker.java:52)
	at org.testng.SuiteRunnerWorker.run(SuiteRunnerWorker.java:84)
	at org.testng.TestNG.runSuitesSequentially(TestNG.java:1208)
	at org.testng.TestNG.runSuitesLocally(TestNG.java:1137)
	at org.testng.TestNG.runSuites(TestNG.java:1049)
	at org.testng.TestNG.run(TestNG.java:1017)
	at org.testng.remote.AbstractRemoteTestNG.run(AbstractRemoteTestNG.java:115)
	at org.testng.remote.RemoteTestNG.initAndRun(RemoteTestNG.java:251)
	at org.testng.remote.RemoteTestNG.main(RemoteTestNG.java:77)
</pre></div></td>
<td>8</td>
<td>tests.LoginTest@4e91d63f</td></tr>
<tr>
<td title='tests.SearchBusTest.invalidSearchBus()'><b>invalidSearchBus</b><br>Test class: tests.SearchBusTest<br>Parameters: Yes, Kashmiri Gate, Delhi, , Aug, 2021, 15</td>
<td><div><pre>java.lang.AssertionError: expected [Search Bus Tickets] but found [Book Bus Travels, AC Volvo Bus, rPool &amp; Bus Hire - redBus India]
	at tests.SearchBusTest.invalidSearchBus(SearchBusTest.java:110)
... Removed 31 stack frames</pre></div><a href='#' onClick='toggleBox("stack-trace927742325", this, "Click to show all stack frames", "Click to hide stack frames")'>Click to show all stack frames</a>
<div class='stack-trace' id='stack-trace927742325'><pre>java.lang.AssertionError: expected [Search Bus Tickets] but found [Book Bus Travels, AC Volvo Bus, rPool &amp; Bus Hire - redBus India]
	at org.testng.Assert.fail(Assert.java:96)
	at org.testng.Assert.failNotEquals(Assert.java:776)
	at org.testng.Assert.assertEqualsImpl(Assert.java:137)
	at org.testng.Assert.assertEquals(Assert.java:118)
	at org.testng.Assert.assertEquals(Assert.java:453)
	at org.testng.Assert.assertEquals(Assert.java:463)
	at tests.SearchBusTest.invalidSearchBus(SearchBusTest.java:110)
	at sun.reflect.NativeMethodAccessorImpl.invoke0(Native Method)
	at sun.reflect.NativeMethodAccessorImpl.invoke(NativeMethodAccessorImpl.java:62)
	at sun.reflect.DelegatingMethodAccessorImpl.invoke(DelegatingMethodAccessorImpl.java:43)
	at java.lang.reflect.Method.invoke(Method.java:498)
	at org.testng.internal.MethodInvocationHelper.invokeMethod(MethodInvocationHelper.java:124)
	at org.testng.internal.Invoker.invokeMethod(Invoker.java:583)
	at org.testng.internal.Invoker.invokeTestMethod(Invoker.java:719)
	at org.testng.internal.Invoker.invokeTestMethods(Invoker.java:989)
	at org.testng.internal.TestMethodWorker.invokeTestMethods(TestMethodWorker.java:125)
	at org.testng.internal.TestMethodWorker.run(TestMethodWorker.java:109)
	at org.testng.TestRunner.privateRun(TestRunner.java:648)
	at org.testng.TestRunner.run(TestRunner.java:505)
	at org.testng.SuiteRunner.runTest(SuiteRunner.java:455)
	at org.testng.SuiteRunner.runSequentially(SuiteRunner.java:450)
	at org.testng.SuiteRunner.privateRun(SuiteRunner.java:415)
	at org.testng.SuiteRunner.run(SuiteRunner.java:364)
	at org.testng.SuiteRunnerWorker.runSuite(SuiteRunnerWorker.java:52)
	at org.testng.SuiteRunnerWorker.run(SuiteRunnerWorker.java:84)
	at org.testng.TestNG.runSuitesSequentially(TestNG.java:1208)
	at org.testng.TestNG.runSuitesLocally(TestNG.java:1137)
	at org.testng.TestNG.runSuites(TestNG.java:1049)
	at org.testng.TestNG.run(TestNG.java:1017)
	at org.testng.remote.AbstractRemoteTestNG.run(AbstractRemoteTestNG.java:115)
	at org.testng.remote.RemoteTestNG.initAndRun(RemoteTestNG.java:251)
	at org.testng.remote.RemoteTestNG.main(RemoteTestNG.java:77)
</pre></div></td>
<td>5</td>
<td>tests.SearchBusTest@163e4e87</td></tr>
<tr>
<td title='tests.HomePageTest.manageBooking()'><b>manageBooking</b><br>Test class: tests.HomePageTest<br>Parameters: Yes, 123456, bus1234red@gmail.com</td>
<td><div><pre>java.lang.AssertionError: expected [false] but found [true]
	at tests.HomePageTest.manageBooking(HomePageTest.java:57)
... Removed 29 stack frames</pre></div><a href='#' onClick='toggleBox("stack-trace1724091985", this, "Click to show all stack frames", "Click to hide stack frames")'>Click to show all stack frames</a>
<div class='stack-trace' id='stack-trace1724091985'><pre>java.lang.AssertionError: expected [false] but found [true]
	at org.testng.Assert.fail(Assert.java:96)
	at org.testng.Assert.failNotEquals(Assert.java:776)
	at org.testng.Assert.assertFalse(Assert.java:65)
	at org.testng.Assert.assertFalse(Assert.java:75)
	at tests.HomePageTest.manageBooking(HomePageTest.java:57)
	at sun.reflect.NativeMethodAccessorImpl.invoke0(Native Method)
	at sun.reflect.NativeMethodAccessorImpl.invoke(NativeMethodAccessorImpl.java:62)
	at sun.reflect.DelegatingMethodAccessorImpl.invoke(DelegatingMethodAccessorImpl.java:43)
	at java.lang.reflect.Method.invoke(Method.java:498)
	at org.testng.internal.MethodInvocationHelper.invokeMethod(MethodInvocationHelper.java:124)
	at org.testng.internal.Invoker.invokeMethod(Invoker.java:583)
	at org.testng.internal.Invoker.invokeTestMethod(Invoker.java:719)
	at org.testng.internal.Invoker.invokeTestMethods(Invoker.java:989)
	at org.testng.internal.TestMethodWorker.invokeTestMethods(TestMethodWorker.java:125)
	at org.testng.internal.TestMethodWorker.run(TestMethodWorker.java:109)
	at org.testng.TestRunner.privateRun(TestRunner.java:648)
	at org.testng.TestRunner.run(TestRunner.java:505)
	at org.testng.SuiteRunner.runTest(SuiteRunner.java:455)
	at org.testng.SuiteRunner.runSequentially(SuiteRunner.java:450)
	at org.testng.SuiteRunner.privateRun(SuiteRunner.java:415)
	at org.testng.SuiteRunner.run(SuiteRunner.java:364)
	at org.testng.SuiteRunnerWorker.runSuite(SuiteRunnerWorker.java:52)
	at org.testng.SuiteRunnerWorker.run(SuiteRunnerWorker.java:84)
	at org.testng.TestNG.runSuitesSequentially(TestNG.java:1208)
	at org.testng.TestNG.runSuitesLocally(TestNG.java:1137)
	at org.testng.TestNG.runSuites(TestNG.java:1049)
	at org.testng.TestNG.run(TestNG.java:1017)
	at org.testng.remote.AbstractRemoteTestNG.run(AbstractRemoteTestNG.java:115)
	at org.testng.remote.RemoteTestNG.initAndRun(RemoteTestNG.java:251)
	at org.testng.remote.RemoteTestNG.main(RemoteTestNG.java:77)
</pre></div></td>
<td>2</td>
<td>tests.HomePageTest@2f112965</td></tr>
</table><p>
<table width='100%' border='1' class='invocation-passed'>
<tr><td colspan='4' align='center'><b>PASSED TESTS</b></td></tr>
<tr><td><b>Test method</b></td>
<td width="30%"><b>Exception</b></td>
<td width="10%"><b>Time (seconds)</b></td>
<td><b>Instance</b></td>
</tr>
<tr>
<td title='tests.SitemapTest.bookBus_RTCOperator()'><b>bookBus_RTCOperator</b><br>Test class: tests.SitemapTest<br>Parameters: Yes</td>
<td></td>
<td>15</td>
<td>tests.SitemapTest@3c9d0b9d</td></tr>
<tr>
<td title='tests.SitemapTest.bookPilgrimagePackage()'><b>bookPilgrimagePackage</b><br>Test class: tests.SitemapTest<br>Parameters: Yes</td>
<td></td>
<td>10</td>
<td>tests.SitemapTest@3c9d0b9d</td></tr>
<tr>
<td title='tests.BusHireTest.busHireAirport()'><b>busHireAirport</b><br>Test class: tests.BusHireTest<br>Parameters: Yes, Ambattur, Chennai, 20</td>
<td></td>
<td>14</td>
<td>tests.BusHireTest@1a04f701</td></tr>
<tr>
<td title='tests.BusHireTest.busHireLocal()'><b>busHireLocal</b><br>Test class: tests.BusHireTest<br>Parameters: Yes, Mumbai Central, 20</td>
<td></td>
<td>9</td>
<td>tests.BusHireTest@1a04f701</td></tr>
<tr>
<td title='tests.BusHireTest.busHireOutstation()'><b>busHireOutstation</b><br>Test class: tests.BusHireTest<br>Parameters: Yes, Mumbai Central, Gorakhpur Railway, 20</td>
<td></td>
<td>20</td>
<td>tests.BusHireTest@1a04f701</td></tr>
<tr>
<td title='tests.FooterTest.careers()'><b>careers</b><br>Test class: tests.FooterTest<br>Parameters: Yes, anything, anything</td>
<td></td>
<td>10</td>
<td>tests.FooterTest@43301423</td></tr>
<tr>
<td title='tests.FooterTest.contactUs()'><b>contactUs</b><br>Test class: tests.FooterTest<br>Parameters: Yes</td>
<td></td>
<td>9</td>
<td>tests.FooterTest@43301423</td></tr>
<tr>
<td title='tests.HelpTest.helpChatBot()'><b>helpChatBot</b><br>Test class: tests.HelpTest<br>Parameters: Yes</td>
<td></td>
<td>10</td>
<td>tests.HelpTest@2bbf180e</td></tr>
<tr>
<td title='tests.HomePageTest.navigateToCountry()'><b>navigateToCountry</b><br>Test class: tests.HomePageTest<br>Parameters: Yes</td>
<td></td>
<td>4</td>
<td>tests.HomePageTest@2f112965</td></tr>
<tr>
<td title='tests.RPoolTest.rPoolYoutube()'><b>rPoolYoutube</b><br>Test class: tests.RPoolTest<br>Parameters: Yes</td>
<td></td>
<td>4</td>
<td>tests.RPoolTest@318ba8c8</td></tr>
<tr>
<td title='tests.DonateTest.redCareDonate()'><b>redCareDonate</b><br>Test class: tests.DonateTest<br>Parameters: Yes, Baba Sharma, Baba@dispomail.xyz, 9876543211</td>
<td></td>
<td>6</td>
<td>tests.DonateTest@6dbb137d</td></tr>
<tr>
<td title='tests.FooterTest.searchBlog()'><b>searchBlog</b><br>Test class: tests.FooterTest<br>Parameters: Yes, Covid19</td>
<td></td>
<td>6</td>
<td>tests.FooterTest@43301423</td></tr>
<tr>
<td title='tests.HomePageTest.smsAppLink()'><b>smsAppLink</b><br>Test class: tests.HomePageTest<br>Parameters: Yes, 1234</td>
<td></td>
<td>0</td>
<td>tests.HomePageTest@2f112965</td></tr>
<tr>
<td title='tests.SearchBusTest.toggleSearchBus()'><b>toggleSearchBus</b><br>Test class: tests.SearchBusTest<br>Parameters: Yes, Kashmiri Gate, Delhi, Chandigarh (Punjab), Aug, 2021, 17</td>
<td></td>
<td>6</td>
<td>tests.SearchBusTest@163e4e87</td></tr>
<tr>
<td title='tests.TopOperatorTest.topOperator()'><b>topOperator</b><br>Test class: tests.TopOperatorTest<br>Parameters: Yes, Bangalore (All Locations), Delhi (All Locations)</td>
<td></td>
<td>7</td>
<td>tests.TopOperatorTest@d4342c2</td></tr>
<tr>
<td title='tests.LoginTest.validLogin()'><b>validLogin</b><br>Test class: tests.LoginTest<br>Parameters: Yes, bus1234red@gmail.com, Yogi@redbus</td>
<td></td>
<td>25</td>
<td>tests.LoginTest@4e91d63f</td></tr>
<tr>
<td title='tests.SearchBusTest.validSearchBus()'><b>validSearchBus</b><br>Test class: tests.SearchBusTest<br>Parameters: Yes, Kashmiri Gate, Delhi, Chandigarh (Punjab), Aug, 2021, 17</td>
<td></td>
<td>6</td>
<td>tests.SearchBusTest@163e4e87</td></tr>
</table><p>
</body>
</html>