<?xml version="1.0" encoding="UTF-8"?>
<testng-results skipped="0" failed="4" ignored="18" total="39" passed="17">
  <reporter-output>
  </reporter-output>
  <suite name="Suite" duration-ms="379563" started-at="2021-07-05T15:49:48Z" finished-at="2021-07-05T15:56:08Z">
    <groups>
    </groups>
    <test name="Test" duration-ms="379563" started-at="2021-07-05T15:49:48Z" finished-at="2021-07-05T15:56:08Z">
      <class name="tests.SitemapTest">
        <test-method status="PASS" signature="intializeWebdriver()[pri:0, instance:tests.SitemapTest@3c9d0b9d]" name="intializeWebdriver" is-config="true" duration-ms="1917" started-at="2021-07-05T15:50:21Z" finished-at="2021-07-05T15:50:22Z">
          <reporter-output>
          </reporter-output>
        </test-method> <!-- intializeWebdriver -->
        <test-method status="PASS" signature="openBrowser()[pri:0, instance:tests.SitemapTest@3c9d0b9d]" name="openBrowser" is-config="true" duration-ms="6367" started-at="2021-07-05T15:50:22Z" finished-at="2021-07-05T15:50:29Z">
          <reporter-output>
          </reporter-output>
        </test-method> <!-- openBrowser -->
        <test-method status="PASS" signature="bookBus_RTCOperator(java.lang.String)[pri:0, instance:tests.SitemapTest@3c9d0b9d]" name="bookBus_RTCOperator" duration-ms="15249" started-at="2021-07-05T15:50:29Z" data-provider="getRTCOperatorData" finished-at="2021-07-05T15:50:44Z">
          <params>
            <param index="0">
              <value>
                <![CDATA[Yes]]>
              </value>
            </param>
          </params>
          <reporter-output>
          </reporter-output>
        </test-method> <!-- bookBus_RTCOperator -->
        <test-method status="PASS" signature="attachScreenshot(org.testng.ITestResult)[pri:0, instance:tests.SitemapTest@3c9d0b9d]" name="attachScreenshot" is-config="true" duration-ms="2" started-at="2021-07-05T15:50:44Z" finished-at="2021-07-05T15:50:44Z">
          <params>
            <param index="0">
              <value>
                <![CDATA[[TestResult name=bookBus_RTCOperator status=SUCCESS method=SitemapTest.bookBus_RTCOperator(java.lang.String)[pri:0, instance:tests.SitemapTest@3c9d0b9d] output={null}]]]>
              </value>
            </param>
          </params>
          <reporter-output>
          </reporter-output>
        </test-method> <!-- attachScreenshot -->
        <test-method status="PASS" signature="closeBrowser()[pri:0, instance:tests.SitemapTest@3c9d0b9d]" name="closeBrowser" is-config="true" duration-ms="888" started-at="2021-07-05T15:50:44Z" finished-at="2021-07-05T15:50:45Z">
          <reporter-output>
          </reporter-output>
        </test-method> <!-- closeBrowser -->
        <test-method status="PASS" signature="intializeWebdriver()[pri:0, instance:tests.SitemapTest@3c9d0b9d]" name="intializeWebdriver" is-config="true" duration-ms="1708" started-at="2021-07-05T15:50:45Z" finished-at="2021-07-05T15:50:47Z">
          <reporter-output>
          </reporter-output>
        </test-method> <!-- intializeWebdriver -->
        <test-method status="PASS" signature="openBrowser()[pri:0, instance:tests.SitemapTest@3c9d0b9d]" name="openBrowser" is-config="true" duration-ms="2953" started-at="2021-07-05T15:50:47Z" finished-at="2021-07-05T15:50:50Z">
          <reporter-output>
          </reporter-output>
        </test-method> <!-- openBrowser -->
        <test-method status="PASS" signature="bookPilgrimagePackage(java.lang.String)[pri:0, instance:tests.SitemapTest@3c9d0b9d]" name="bookPilgrimagePackage" duration-ms="10738" started-at="2021-07-05T15:50:50Z" data-provider="getPilgrimageData" finished-at="2021-07-05T15:51:00Z">
          <params>
            <param index="0">
              <value>
                <![CDATA[Yes]]>
              </value>
            </param>
          </params>
          <reporter-output>
          </reporter-output>
        </test-method> <!-- bookPilgrimagePackage -->
        <test-method status="PASS" signature="attachScreenshot(org.testng.ITestResult)[pri:0, instance:tests.SitemapTest@3c9d0b9d]" name="attachScreenshot" is-config="true" duration-ms="1" started-at="2021-07-05T15:51:00Z" finished-at="2021-07-05T15:51:00Z">
          <params>
            <param index="0">
              <value>
                <![CDATA[[TestResult name=bookPilgrimagePackage status=SUCCESS method=SitemapTest.bookPilgrimagePackage(java.lang.String)[pri:0, instance:tests.SitemapTest@3c9d0b9d] output={null}]]]>
              </value>
            </param>
          </params>
          <reporter-output>
          </reporter-output>
        </test-method> <!-- attachScreenshot -->
        <test-method status="PASS" signature="closeBrowser()[pri:0, instance:tests.SitemapTest@3c9d0b9d]" name="closeBrowser" is-config="true" duration-ms="1140" started-at="2021-07-05T15:51:00Z" finished-at="2021-07-05T15:51:02Z">
          <reporter-output>
          </reporter-output>
        </test-method> <!-- closeBrowser -->
      </class> <!-- tests.SitemapTest -->
      <class name="tests.TopOperatorTest">
        <test-method status="PASS" signature="intializeWebdriver()[pri:0, instance:tests.TopOperatorTest@d4342c2]" name="intializeWebdriver" is-config="true" duration-ms="1688" started-at="2021-07-05T15:54:56Z" finished-at="2021-07-05T15:54:58Z">
          <reporter-output>
          </reporter-output>
        </test-method> <!-- intializeWebdriver -->
        <test-method status="PASS" signature="openBrowser()[pri:0, instance:tests.TopOperatorTest@d4342c2]" name="openBrowser" is-config="true" duration-ms="4356" started-at="2021-07-05T15:54:58Z" finished-at="2021-07-05T15:55:02Z">
          <reporter-output>
          </reporter-output>
        </test-method> <!-- openBrowser -->
        <test-method status="PASS" signature="topOperator(java.lang.String, java.lang.String, java.lang.String)[pri:0, instance:tests.TopOperatorTest@d4342c2]" name="topOperator" duration-ms="7275" started-at="2021-07-05T15:55:02Z" data-provider="getTopOperatorData" finished-at="2021-07-05T15:55:10Z">
          <params>
            <param index="0">
              <value>
                <![CDATA[Yes]]>
              </value>
            </param>
            <param index="1">
              <value>
                <![CDATA[Bangalore (All Locations)]]>
              </value>
            </param>
            <param index="2">
              <value>
                <![CDATA[Delhi (All Locations)]]>
              </value>
            </param>
          </params>
          <reporter-output>
          </reporter-output>
        </test-method> <!-- topOperator -->
        <test-method status="PASS" signature="closeBrowser()[pri:0, instance:tests.TopOperatorTest@d4342c2]" name="closeBrowser" is-config="true" duration-ms="922" started-at="2021-07-05T15:55:10Z" finished-at="2021-07-05T15:55:10Z">
          <reporter-output>
          </reporter-output>
        </test-method> <!-- closeBrowser -->
        <test-method status="PASS" signature="attachScreenshot(org.testng.ITestResult)[pri:0, instance:tests.TopOperatorTest@d4342c2]" name="attachScreenshot" is-config="true" duration-ms="0" started-at="2021-07-05T15:55:10Z" finished-at="2021-07-05T15:55:10Z">
          <params>
            <param index="0">
              <value>
                <![CDATA[[TestResult name=topOperator status=SUCCESS method=TopOperatorTest.topOperator(java.lang.String, java.lang.String, java.lang.String)[pri:0, instance:tests.TopOperatorTest@d4342c2] output={null}]]]>
              </value>
            </param>
          </params>
          <reporter-output>
          </reporter-output>
        </test-method> <!-- attachScreenshot -->
      </class> <!-- tests.TopOperatorTest -->
      <class name="tests.HelpTest">
        <test-method status="PASS" signature="intializeWebdriver()[pri:0, instance:tests.HelpTest@2bbf180e]" name="intializeWebdriver" is-config="true" duration-ms="1715" started-at="2021-07-05T15:55:11Z" finished-at="2021-07-05T15:55:12Z">
          <reporter-output>
          </reporter-output>
        </test-method> <!-- intializeWebdriver -->
        <test-method status="PASS" signature="openBrowser()[pri:0, instance:tests.HelpTest@2bbf180e]" name="openBrowser" is-config="true" duration-ms="3584" started-at="2021-07-05T15:55:12Z" finished-at="2021-07-05T15:55:16Z">
          <reporter-output>
          </reporter-output>
        </test-method> <!-- openBrowser -->
        <test-method status="PASS" signature="helpChatBot(java.lang.String)[pri:0, instance:tests.HelpTest@2bbf180e]" name="helpChatBot" duration-ms="10847" started-at="2021-07-05T15:55:16Z" data-provider="getHelpData" finished-at="2021-07-05T15:55:27Z">
          <params>
            <param index="0">
              <value>
                <![CDATA[Yes]]>
              </value>
            </param>
          </params>
          <reporter-output>
          </reporter-output>
        </test-method> <!-- helpChatBot -->
        <test-method status="PASS" signature="attachScreenshot(org.testng.ITestResult)[pri:0, instance:tests.HelpTest@2bbf180e]" name="attachScreenshot" is-config="true" duration-ms="1" started-at="2021-07-05T15:55:27Z" finished-at="2021-07-05T15:55:27Z">
          <params>
            <param index="0">
              <value>
                <![CDATA[[TestResult name=helpChatBot status=SUCCESS method=HelpTest.helpChatBot(java.lang.String)[pri:0, instance:tests.HelpTest@2bbf180e] output={null}]]]>
              </value>
            </param>
          </params>
          <reporter-output>
          </reporter-output>
        </test-method> <!-- attachScreenshot -->
        <test-method status="PASS" signature="closeBrowser()[pri:0, instance:tests.HelpTest@2bbf180e]" name="closeBrowser" is-config="true" duration-ms="901" started-at="2021-07-05T15:55:27Z" finished-at="2021-07-05T15:55:28Z">
          <reporter-output>
          </reporter-output>
        </test-method> <!-- closeBrowser -->
      </class> <!-- tests.HelpTest -->
      <class name="tests.LoginTest">
        <test-method status="PASS" signature="intializeWebdriver()[pri:0, instance:tests.LoginTest@4e91d63f]" name="intializeWebdriver" is-config="true" duration-ms="2674" started-at="2021-07-05T15:53:43Z" finished-at="2021-07-05T15:53:46Z">
          <reporter-output>
          </reporter-output>
        </test-method> <!-- intializeWebdriver -->
        <test-method status="PASS" signature="openBrowser()[pri:0, instance:tests.LoginTest@4e91d63f]" name="openBrowser" is-config="true" duration-ms="6154" started-at="2021-07-05T15:53:46Z" finished-at="2021-07-05T15:53:52Z">
          <reporter-output>
          </reporter-output>
        </test-method> <!-- openBrowser -->
        <test-method status="FAIL" signature="invalidEmail(java.lang.String, java.lang.String, java.lang.String)[pri:0, instance:tests.LoginTest@4e91d63f]" name="invalidEmail" duration-ms="9170" started-at="2021-07-05T15:53:52Z" data-provider="getInvalidEmailData" finished-at="2021-07-05T15:54:01Z">
          <params>
            <param index="0">
              <value>
                <![CDATA[Yes]]>
              </value>
            </param>
            <param index="1">
              <value>
                <![CDATA[test]]>
              </value>
            </param>
            <param index="2">
              <value>
                <![CDATA[xvznv]]>
              </value>
            </param>
          </params>
          <exception class="java.lang.AssertionError">
            <message>
              <![CDATA[expected [Sign in - Google Accounts] but found [Book Bus Travels, AC Volvo Bus, rPool & Bus Hire - redBus India]]]>
            </message>
            <full-stacktrace>
              <![CDATA[java.lang.AssertionError: expected [Sign in - Google Accounts] but found [Book Bus Travels, AC Volvo Bus, rPool & Bus Hire - redBus India]
at org.testng.Assert.fail(Assert.java:96)
at org.testng.Assert.failNotEquals(Assert.java:776)
at org.testng.Assert.assertEqualsImpl(Assert.java:137)
at org.testng.Assert.assertEquals(Assert.java:118)
at org.testng.Assert.assertEquals(Assert.java:453)
at org.testng.Assert.assertEquals(Assert.java:463)
at tests.LoginTest.invalidEmail(LoginTest.java:108)
at sun.reflect.NativeMethodAccessorImpl.invoke0(Native Method)
at sun.reflect.NativeMethodAccessorImpl.invoke(NativeMethodAccessorImpl.java:62)
at sun.reflect.DelegatingMethodAccessorImpl.invoke(DelegatingMethodAccessorImpl.java:43)
at java.lang.reflect.Method.invoke(Method.java:498)
at org.testng.internal.MethodInvocationHelper.invokeMethod(MethodInvocationHelper.java:124)
at org.testng.internal.Invoker.invokeMethod(Invoker.java:583)
at org.testng.internal.Invoker.invokeTestMethod(Invoker.java:719)
at org.testng.internal.Invoker.invokeTestMethods(Invoker.java:989)
at org.testng.internal.TestMethodWorker.invokeTestMethods(TestMethodWorker.java:125)
at org.testng.internal.TestMethodWorker.run(TestMethodWorker.java:109)
at org.testng.TestRunner.privateRun(TestRunner.java:648)
at org.testng.TestRunner.run(TestRunner.java:505)
at org.testng.SuiteRunner.runTest(SuiteRunner.java:455)
at org.testng.SuiteRunner.runSequentially(SuiteRunner.java:450)
at org.testng.SuiteRunner.privateRun(SuiteRunner.java:415)
at org.testng.SuiteRunner.run(SuiteRunner.java:364)
at org.testng.SuiteRunnerWorker.runSuite(SuiteRunnerWorker.java:52)
at org.testng.SuiteRunnerWorker.run(SuiteRunnerWorker.java:84)
at org.testng.TestNG.runSuitesSequentially(TestNG.java:1208)
at org.testng.TestNG.runSuitesLocally(TestNG.java:1137)
at org.testng.TestNG.runSuites(TestNG.java:1049)
at org.testng.TestNG.run(TestNG.java:1017)
at org.testng.remote.AbstractRemoteTestNG.run(AbstractRemoteTestNG.java:115)
at org.testng.remote.RemoteTestNG.initAndRun(RemoteTestNG.java:251)
at org.testng.remote.RemoteTestNG.main(RemoteTestNG.java:77)
]]>
            </full-stacktrace>
          </exception> <!-- java.lang.AssertionError -->
          <reporter-output>
          </reporter-output>
        </test-method> <!-- invalidEmail -->
        <test-method status="PASS" signature="attachScreenshot(org.testng.ITestResult)[pri:0, instance:tests.LoginTest@4e91d63f]" name="attachScreenshot" is-config="true" duration-ms="716" started-at="2021-07-05T15:54:01Z" finished-at="2021-07-05T15:54:02Z">
          <params>
            <param index="0">
              <value>
                <![CDATA[[TestResult name=invalidEmail status=FAILURE method=LoginTest.invalidEmail(java.lang.String, java.lang.String, java.lang.String)[pri:0, instance:tests.LoginTest@4e91d63f] output={null}]]]>
              </value>
            </param>
          </params>
          <reporter-output>
          </reporter-output>
        </test-method> <!-- attachScreenshot -->
        <test-method status="PASS" signature="closeBrowser()[pri:0, instance:tests.LoginTest@4e91d63f]" name="closeBrowser" is-config="true" duration-ms="1149" started-at="2021-07-05T15:54:02Z" finished-at="2021-07-05T15:54:03Z">
          <reporter-output>
          </reporter-output>
        </test-method> <!-- closeBrowser -->
        <test-method status="PASS" signature="intializeWebdriver()[pri:0, instance:tests.LoginTest@4e91d63f]" name="intializeWebdriver" is-config="true" duration-ms="1814" started-at="2021-07-05T15:54:03Z" finished-at="2021-07-05T15:54:05Z">
          <reporter-output>
          </reporter-output>
        </test-method> <!-- intializeWebdriver -->
        <test-method status="PASS" signature="openBrowser()[pri:0, instance:tests.LoginTest@4e91d63f]" name="openBrowser" is-config="true" duration-ms="6171" started-at="2021-07-05T15:54:05Z" finished-at="2021-07-05T15:54:11Z">
          <reporter-output>
          </reporter-output>
        </test-method> <!-- openBrowser -->
        <test-method status="FAIL" signature="invalidPassword(java.lang.String, java.lang.String, java.lang.String)[pri:0, instance:tests.LoginTest@4e91d63f]" name="invalidPassword" duration-ms="8726" started-at="2021-07-05T15:54:11Z" data-provider="getInvalidPasswordData" finished-at="2021-07-05T15:54:19Z">
          <params>
            <param index="0">
              <value>
                <![CDATA[Yes]]>
              </value>
            </param>
            <param index="1">
              <value>
                <![CDATA[bus1234red@gmail.com]]>
              </value>
            </param>
            <param index="2">
              <value>
                <![CDATA[xvznv]]>
              </value>
            </param>
          </params>
          <exception class="java.lang.AssertionError">
            <message>
              <![CDATA[expected [Sign in - Google Accounts] but found [Book Bus Travels, AC Volvo Bus, rPool & Bus Hire - redBus India]]]>
            </message>
            <full-stacktrace>
              <![CDATA[java.lang.AssertionError: expected [Sign in - Google Accounts] but found [Book Bus Travels, AC Volvo Bus, rPool & Bus Hire - redBus India]
at org.testng.Assert.fail(Assert.java:96)
at org.testng.Assert.failNotEquals(Assert.java:776)
at org.testng.Assert.assertEqualsImpl(Assert.java:137)
at org.testng.Assert.assertEquals(Assert.java:118)
at org.testng.Assert.assertEquals(Assert.java:453)
at org.testng.Assert.assertEquals(Assert.java:463)
at tests.LoginTest.invalidPassword(LoginTest.java:140)
at sun.reflect.NativeMethodAccessorImpl.invoke0(Native Method)
at sun.reflect.NativeMethodAccessorImpl.invoke(NativeMethodAccessorImpl.java:62)
at sun.reflect.DelegatingMethodAccessorImpl.invoke(DelegatingMethodAccessorImpl.java:43)
at java.lang.reflect.Method.invoke(Method.java:498)
at org.testng.internal.MethodInvocationHelper.invokeMethod(MethodInvocationHelper.java:124)
at org.testng.internal.Invoker.invokeMethod(Invoker.java:583)
at org.testng.internal.Invoker.invokeTestMethod(Invoker.java:719)
at org.testng.internal.Invoker.invokeTestMethods(Invoker.java:989)
at org.testng.internal.TestMethodWorker.invokeTestMethods(TestMethodWorker.java:125)
at org.testng.internal.TestMethodWorker.run(TestMethodWorker.java:109)
at org.testng.TestRunner.privateRun(TestRunner.java:648)
at org.testng.TestRunner.run(TestRunner.java:505)
at org.testng.SuiteRunner.runTest(SuiteRunner.java:455)
at org.testng.SuiteRunner.runSequentially(SuiteRunner.java:450)
at org.testng.SuiteRunner.privateRun(SuiteRunner.java:415)
at org.testng.SuiteRunner.run(SuiteRunner.java:364)
at org.testng.SuiteRunnerWorker.runSuite(SuiteRunnerWorker.java:52)
at org.testng.SuiteRunnerWorker.run(SuiteRunnerWorker.java:84)
at org.testng.TestNG.runSuitesSequentially(TestNG.java:1208)
at org.testng.TestNG.runSuitesLocally(TestNG.java:1137)
at org.testng.TestNG.runSuites(TestNG.java:1049)
at org.testng.TestNG.run(TestNG.java:1017)
at org.testng.remote.AbstractRemoteTestNG.run(AbstractRemoteTestNG.java:115)
at org.testng.remote.RemoteTestNG.initAndRun(RemoteTestNG.java:251)
at org.testng.remote.RemoteTestNG.main(RemoteTestNG.java:77)
]]>
            </full-stacktrace>
          </exception> <!-- java.lang.AssertionError -->
          <reporter-output>
          </reporter-output>
        </test-method> <!-- invalidPassword -->
        <test-method status="PASS" signature="attachScreenshot(org.testng.ITestResult)[pri:0, instance:tests.LoginTest@4e91d63f]" name="attachScreenshot" is-config="true" duration-ms="517" started-at="2021-07-05T15:54:19Z" finished-at="2021-07-05T15:54:20Z">
          <params>
            <param index="0">
              <value>
                <![CDATA[[TestResult name=invalidPassword status=FAILURE method=LoginTest.invalidPassword(java.lang.String, java.lang.String, java.lang.String)[pri:0, instance:tests.LoginTest@4e91d63f] output={null}]]]>
              </value>
            </param>
          </params>
          <reporter-output>
          </reporter-output>
        </test-method> <!-- attachScreenshot -->
        <test-method status="PASS" signature="closeBrowser()[pri:0, instance:tests.LoginTest@4e91d63f]" name="closeBrowser" is-config="true" duration-ms="923" started-at="2021-07-05T15:54:20Z" finished-at="2021-07-05T15:54:21Z">
          <reporter-output>
          </reporter-output>
        </test-method> <!-- closeBrowser -->
        <test-method status="PASS" signature="intializeWebdriver()[pri:0, instance:tests.LoginTest@4e91d63f]" name="intializeWebdriver" is-config="true" duration-ms="1825" started-at="2021-07-05T15:54:21Z" finished-at="2021-07-05T15:54:23Z">
          <reporter-output>
          </reporter-output>
        </test-method> <!-- intializeWebdriver -->
        <test-method status="PASS" signature="openBrowser()[pri:0, instance:tests.LoginTest@4e91d63f]" name="openBrowser" is-config="true" duration-ms="6599" started-at="2021-07-05T15:54:23Z" finished-at="2021-07-05T15:54:29Z">
          <reporter-output>
          </reporter-output>
        </test-method> <!-- openBrowser -->
        <test-method status="PASS" signature="validLogin(java.lang.String, java.lang.String, java.lang.String)[pri:0, instance:tests.LoginTest@4e91d63f]" name="validLogin" duration-ms="25812" started-at="2021-07-05T15:54:29Z" data-provider="getValidLoginData" finished-at="2021-07-05T15:54:55Z">
          <params>
            <param index="0">
              <value>
                <![CDATA[Yes]]>
              </value>
            </param>
            <param index="1">
              <value>
                <![CDATA[bus1234red@gmail.com]]>
              </value>
            </param>
            <param index="2">
              <value>
                <![CDATA[Yogi@redbus]]>
              </value>
            </param>
          </params>
          <reporter-output>
          </reporter-output>
        </test-method> <!-- validLogin -->
        <test-method status="PASS" signature="attachScreenshot(org.testng.ITestResult)[pri:0, instance:tests.LoginTest@4e91d63f]" name="attachScreenshot" is-config="true" duration-ms="1" started-at="2021-07-05T15:54:55Z" finished-at="2021-07-05T15:54:55Z">
          <params>
            <param index="0">
              <value>
                <![CDATA[[TestResult name=validLogin status=SUCCESS method=LoginTest.validLogin(java.lang.String, java.lang.String, java.lang.String)[pri:0, instance:tests.LoginTest@4e91d63f] output={null}]]]>
              </value>
            </param>
          </params>
          <reporter-output>
          </reporter-output>
        </test-method> <!-- attachScreenshot -->
        <test-method status="PASS" signature="closeBrowser()[pri:0, instance:tests.LoginTest@4e91d63f]" name="closeBrowser" is-config="true" duration-ms="881" started-at="2021-07-05T15:54:55Z" finished-at="2021-07-05T15:54:56Z">
          <reporter-output>
          </reporter-output>
        </test-method> <!-- closeBrowser -->
      </class> <!-- tests.LoginTest -->
      <class name="tests.RPoolTest">
        <test-method status="PASS" signature="setExtent()[pri:0, instance:tests.RPoolTest@318ba8c8]" name="setExtent" is-config="true" duration-ms="304" started-at="2021-07-05T15:49:48Z" finished-at="2021-07-05T15:49:48Z">
          <reporter-output>
          </reporter-output>
        </test-method> <!-- setExtent -->
        <test-method status="PASS" signature="intializeWebdriver()[pri:0, instance:tests.RPoolTest@318ba8c8]" name="intializeWebdriver" is-config="true" duration-ms="2802" started-at="2021-07-05T15:49:50Z" finished-at="2021-07-05T15:49:53Z">
          <reporter-output>
          </reporter-output>
        </test-method> <!-- intializeWebdriver -->
        <test-method status="PASS" signature="openBrowser()[pri:0, instance:tests.RPoolTest@318ba8c8]" name="openBrowser" is-config="true" duration-ms="3464" started-at="2021-07-05T15:49:53Z" finished-at="2021-07-05T15:49:56Z">
          <reporter-output>
          </reporter-output>
        </test-method> <!-- openBrowser -->
        <test-method status="PASS" signature="rPoolYoutube(java.lang.String)[pri:0, instance:tests.RPoolTest@318ba8c8]" name="rPoolYoutube" duration-ms="4463" started-at="2021-07-05T15:49:56Z" data-provider="getRPoolData" finished-at="2021-07-05T15:50:01Z">
          <params>
            <param index="0">
              <value>
                <![CDATA[Yes]]>
              </value>
            </param>
          </params>
          <reporter-output>
          </reporter-output>
        </test-method> <!-- rPoolYoutube -->
        <test-method status="PASS" signature="attachScreenshot(org.testng.ITestResult)[pri:0, instance:tests.RPoolTest@318ba8c8]" name="attachScreenshot" is-config="true" duration-ms="6" started-at="2021-07-05T15:50:01Z" finished-at="2021-07-05T15:50:01Z">
          <params>
            <param index="0">
              <value>
                <![CDATA[[TestResult name=rPoolYoutube status=SUCCESS method=RPoolTest.rPoolYoutube(java.lang.String)[pri:0, instance:tests.RPoolTest@318ba8c8] output={null}]]]>
              </value>
            </param>
          </params>
          <reporter-output>
          </reporter-output>
        </test-method> <!-- attachScreenshot -->
        <test-method status="PASS" signature="closeBrowser()[pri:0, instance:tests.RPoolTest@318ba8c8]" name="closeBrowser" is-config="true" duration-ms="1467" started-at="2021-07-05T15:50:01Z" finished-at="2021-07-05T15:50:02Z">
          <reporter-output>
          </reporter-output>
        </test-method> <!-- closeBrowser -->
        <test-method status="PASS" signature="endReport()[pri:0, instance:tests.RPoolTest@318ba8c8]" name="endReport" is-config="true" duration-ms="463" started-at="2021-07-05T15:56:08Z" finished-at="2021-07-05T15:56:08Z">
          <reporter-output>
          </reporter-output>
        </test-method> <!-- endReport -->
      </class> <!-- tests.RPoolTest -->
      <class name="tests.HomePageTest">
        <test-method status="PASS" signature="intializeWebdriver()[pri:0, instance:tests.HomePageTest@2f112965]" name="intializeWebdriver" is-config="true" duration-ms="1517" started-at="2021-07-05T15:51:49Z" finished-at="2021-07-05T15:51:50Z">
          <reporter-output>
          </reporter-output>
        </test-method> <!-- intializeWebdriver -->
        <test-method status="PASS" signature="openBrowser()[pri:0, instance:tests.HomePageTest@2f112965]" name="openBrowser" is-config="true" duration-ms="6016" started-at="2021-07-05T15:51:50Z" finished-at="2021-07-05T15:51:56Z">
          <reporter-output>
          </reporter-output>
        </test-method> <!-- openBrowser -->
        <test-method status="FAIL" signature="manageBooking(java.lang.String, java.lang.String, java.lang.String)[pri:0, instance:tests.HomePageTest@2f112965]" name="manageBooking" duration-ms="2552" started-at="2021-07-05T15:51:56Z" data-provider="getInvalidManageBookingData" finished-at="2021-07-05T15:51:59Z">
          <params>
            <param index="0">
              <value>
                <![CDATA[Yes]]>
              </value>
            </param>
            <param index="1">
              <value>
                <![CDATA[123456]]>
              </value>
            </param>
            <param index="2">
              <value>
                <![CDATA[bus1234red@gmail.com]]>
              </value>
            </param>
          </params>
          <exception class="java.lang.AssertionError">
            <message>
              <![CDATA[expected [false] but found [true]]]>
            </message>
            <full-stacktrace>
              <![CDATA[java.lang.AssertionError: expected [false] but found [true]
at org.testng.Assert.fail(Assert.java:96)
at org.testng.Assert.failNotEquals(Assert.java:776)
at org.testng.Assert.assertFalse(Assert.java:65)
at org.testng.Assert.assertFalse(Assert.java:75)
at tests.HomePageTest.manageBooking(HomePageTest.java:57)
at sun.reflect.NativeMethodAccessorImpl.invoke0(Native Method)
at sun.reflect.NativeMethodAccessorImpl.invoke(NativeMethodAccessorImpl.java:62)
at sun.reflect.DelegatingMethodAccessorImpl.invoke(DelegatingMethodAccessorImpl.java:43)
at java.lang.reflect.Method.invoke(Method.java:498)
at org.testng.internal.MethodInvocationHelper.invokeMethod(MethodInvocationHelper.java:124)
at org.testng.internal.Invoker.invokeMethod(Invoker.java:583)
at org.testng.internal.Invoker.invokeTestMethod(Invoker.java:719)
at org.testng.internal.Invoker.invokeTestMethods(Invoker.java:989)
at org.testng.internal.TestMethodWorker.invokeTestMethods(TestMethodWorker.java:125)
at org.testng.internal.TestMethodWorker.run(TestMethodWorker.java:109)
at org.testng.TestRunner.privateRun(TestRunner.java:648)
at org.testng.TestRunner.run(TestRunner.java:505)
at org.testng.SuiteRunner.runTest(SuiteRunner.java:455)
at org.testng.SuiteRunner.runSequentially(SuiteRunner.java:450)
at org.testng.SuiteRunner.privateRun(SuiteRunner.java:415)
at org.testng.SuiteRunner.run(SuiteRunner.java:364)
at org.testng.SuiteRunnerWorker.runSuite(SuiteRunnerWorker.java:52)
at org.testng.SuiteRunnerWorker.run(SuiteRunnerWorker.java:84)
at org.testng.TestNG.runSuitesSequentially(TestNG.java:1208)
at org.testng.TestNG.runSuitesLocally(TestNG.java:1137)
at org.testng.TestNG.runSuites(TestNG.java:1049)
at org.testng.TestNG.run(TestNG.java:1017)
at org.testng.remote.AbstractRemoteTestNG.run(AbstractRemoteTestNG.java:115)
at org.testng.remote.RemoteTestNG.initAndRun(RemoteTestNG.java:251)
at org.testng.remote.RemoteTestNG.main(RemoteTestNG.java:77)
]]>
            </full-stacktrace>
          </exception> <!-- java.lang.AssertionError -->
          <reporter-output>
          </reporter-output>
        </test-method> <!-- manageBooking -->
        <test-method status="PASS" signature="attachScreenshot(org.testng.ITestResult)[pri:0, instance:tests.HomePageTest@2f112965]" name="attachScreenshot" is-config="true" duration-ms="366" started-at="2021-07-05T15:51:59Z" finished-at="2021-07-05T15:51:59Z">
          <params>
            <param index="0">
              <value>
                <![CDATA[[TestResult name=manageBooking status=FAILURE method=HomePageTest.manageBooking(java.lang.String, java.lang.String, java.lang.String)[pri:0, instance:tests.HomePageTest@2f112965] output={null}]]]>
              </value>
            </param>
          </params>
          <reporter-output>
          </reporter-output>
        </test-method> <!-- attachScreenshot -->
        <test-method status="PASS" signature="closeBrowser()[pri:0, instance:tests.HomePageTest@2f112965]" name="closeBrowser" is-config="true" duration-ms="813" started-at="2021-07-05T15:51:59Z" finished-at="2021-07-05T15:52:00Z">
          <reporter-output>
          </reporter-output>
        </test-method> <!-- closeBrowser -->
        <test-method status="PASS" signature="intializeWebdriver()[pri:0, instance:tests.HomePageTest@2f112965]" name="intializeWebdriver" is-config="true" duration-ms="1775" started-at="2021-07-05T15:52:00Z" finished-at="2021-07-05T15:52:02Z">
          <reporter-output>
          </reporter-output>
        </test-method> <!-- intializeWebdriver -->
        <test-method status="PASS" signature="openBrowser()[pri:0, instance:tests.HomePageTest@2f112965]" name="openBrowser" is-config="true" duration-ms="4490" started-at="2021-07-05T15:52:02Z" finished-at="2021-07-05T15:52:06Z">
          <reporter-output>
          </reporter-output>
        </test-method> <!-- openBrowser -->
        <test-method status="PASS" signature="navigateToCountry(java.lang.String)[pri:0, instance:tests.HomePageTest@2f112965]" name="navigateToCountry" duration-ms="4473" started-at="2021-07-05T15:52:06Z" data-provider="getCountryData" finished-at="2021-07-05T15:52:11Z">
          <params>
            <param index="0">
              <value>
                <![CDATA[Yes]]>
              </value>
            </param>
          </params>
          <reporter-output>
          </reporter-output>
        </test-method> <!-- navigateToCountry -->
        <test-method status="PASS" signature="closeBrowser()[pri:0, instance:tests.HomePageTest@2f112965]" name="closeBrowser" is-config="true" duration-ms="1706" started-at="2021-07-05T15:52:11Z" finished-at="2021-07-05T15:52:13Z">
          <reporter-output>
          </reporter-output>
        </test-method> <!-- closeBrowser -->
        <test-method status="PASS" signature="attachScreenshot(org.testng.ITestResult)[pri:0, instance:tests.HomePageTest@2f112965]" name="attachScreenshot" is-config="true" duration-ms="0" started-at="2021-07-05T15:52:11Z" finished-at="2021-07-05T15:52:11Z">
          <params>
            <param index="0">
              <value>
                <![CDATA[[TestResult name=navigateToCountry status=SUCCESS method=HomePageTest.navigateToCountry(java.lang.String)[pri:0, instance:tests.HomePageTest@2f112965] output={null}]]]>
              </value>
            </param>
          </params>
          <reporter-output>
          </reporter-output>
        </test-method> <!-- attachScreenshot -->
        <test-method status="PASS" signature="intializeWebdriver()[pri:0, instance:tests.HomePageTest@2f112965]" name="intializeWebdriver" is-config="true" duration-ms="1552" started-at="2021-07-05T15:52:13Z" finished-at="2021-07-05T15:52:14Z">
          <reporter-output>
          </reporter-output>
        </test-method> <!-- intializeWebdriver -->
        <test-method status="PASS" signature="openBrowser()[pri:0, instance:tests.HomePageTest@2f112965]" name="openBrowser" is-config="true" duration-ms="6302" started-at="2021-07-05T15:52:14Z" finished-at="2021-07-05T15:52:20Z">
          <reporter-output>
          </reporter-output>
        </test-method> <!-- openBrowser -->
        <test-method status="PASS" signature="smsAppLink(java.lang.String, java.lang.String)[pri:0, instance:tests.HomePageTest@2f112965]" name="smsAppLink" duration-ms="658" started-at="2021-07-05T15:52:20Z" data-provider="getSMSAppData" finished-at="2021-07-05T15:52:21Z">
          <params>
            <param index="0">
              <value>
                <![CDATA[Yes]]>
              </value>
            </param>
            <param index="1">
              <value>
                <![CDATA[1234]]>
              </value>
            </param>
          </params>
          <reporter-output>
          </reporter-output>
        </test-method> <!-- smsAppLink -->
        <test-method status="PASS" signature="attachScreenshot(org.testng.ITestResult)[pri:0, instance:tests.HomePageTest@2f112965]" name="attachScreenshot" is-config="true" duration-ms="0" started-at="2021-07-05T15:52:21Z" finished-at="2021-07-05T15:52:21Z">
          <params>
            <param index="0">
              <value>
                <![CDATA[[TestResult name=smsAppLink status=SUCCESS method=HomePageTest.smsAppLink(java.lang.String, java.lang.String)[pri:0, instance:tests.HomePageTest@2f112965] output={null}]]]>
              </value>
            </param>
          </params>
          <reporter-output>
          </reporter-output>
        </test-method> <!-- attachScreenshot -->
        <test-method status="PASS" signature="closeBrowser()[pri:0, instance:tests.HomePageTest@2f112965]" name="closeBrowser" is-config="true" duration-ms="1282" started-at="2021-07-05T15:52:21Z" finished-at="2021-07-05T15:52:22Z">
          <reporter-output>
          </reporter-output>
        </test-method> <!-- closeBrowser -->
      </class> <!-- tests.HomePageTest -->
      <class name="tests.FooterTest">
        <test-method status="PASS" signature="intializeWebdriver()[pri:0, instance:tests.FooterTest@43301423]" name="intializeWebdriver" is-config="true" duration-ms="1752" started-at="2021-07-05T15:51:02Z" finished-at="2021-07-05T15:51:03Z">
          <reporter-output>
          </reporter-output>
        </test-method> <!-- intializeWebdriver -->
        <test-method status="PASS" signature="openBrowser()[pri:0, instance:tests.FooterTest@43301423]" name="openBrowser" is-config="true" duration-ms="3637" started-at="2021-07-05T15:51:03Z" finished-at="2021-07-05T15:51:07Z">
          <reporter-output>
          </reporter-output>
        </test-method> <!-- openBrowser -->
        <test-method status="PASS" signature="careers(java.lang.String, java.lang.String, java.lang.String)[pri:0, instance:tests.FooterTest@43301423]" name="careers" duration-ms="10107" started-at="2021-07-05T15:51:07Z" data-provider="getCareersData" finished-at="2021-07-05T15:51:17Z">
          <params>
            <param index="0">
              <value>
                <![CDATA[Yes]]>
              </value>
            </param>
            <param index="1">
              <value>
                <![CDATA[anything]]>
              </value>
            </param>
            <param index="2">
              <value>
                <![CDATA[anything]]>
              </value>
            </param>
          </params>
          <reporter-output>
          </reporter-output>
        </test-method> <!-- careers -->
        <test-method status="PASS" signature="closeBrowser()[pri:0, instance:tests.FooterTest@43301423]" name="closeBrowser" is-config="true" duration-ms="880" started-at="2021-07-05T15:51:17Z" finished-at="2021-07-05T15:51:18Z">
          <reporter-output>
          </reporter-output>
        </test-method> <!-- closeBrowser -->
        <test-method status="PASS" signature="attachScreenshot(org.testng.ITestResult)[pri:0, instance:tests.FooterTest@43301423]" name="attachScreenshot" is-config="true" duration-ms="0" started-at="2021-07-05T15:51:17Z" finished-at="2021-07-05T15:51:17Z">
          <params>
            <param index="0">
              <value>
                <![CDATA[[TestResult name=careers status=SUCCESS method=FooterTest.careers(java.lang.String, java.lang.String, java.lang.String)[pri:0, instance:tests.FooterTest@43301423] output={null}]]]>
              </value>
            </param>
          </params>
          <reporter-output>
          </reporter-output>
        </test-method> <!-- attachScreenshot -->
        <test-method status="PASS" signature="intializeWebdriver()[pri:0, instance:tests.FooterTest@43301423]" name="intializeWebdriver" is-config="true" duration-ms="1683" started-at="2021-07-05T15:51:18Z" finished-at="2021-07-05T15:51:20Z">
          <reporter-output>
          </reporter-output>
        </test-method> <!-- intializeWebdriver -->
        <test-method status="PASS" signature="openBrowser()[pri:0, instance:tests.FooterTest@43301423]" name="openBrowser" is-config="true" duration-ms="4220" started-at="2021-07-05T15:51:20Z" finished-at="2021-07-05T15:51:24Z">
          <reporter-output>
          </reporter-output>
        </test-method> <!-- openBrowser -->
        <test-method status="PASS" signature="contactUs(java.lang.String)[pri:0, instance:tests.FooterTest@43301423]" name="contactUs" duration-ms="9139" started-at="2021-07-05T15:51:24Z" data-provider="getContactUsData" finished-at="2021-07-05T15:51:33Z">
          <params>
            <param index="0">
              <value>
                <![CDATA[Yes]]>
              </value>
            </param>
          </params>
          <reporter-output>
          </reporter-output>
        </test-method> <!-- contactUs -->
        <test-method status="PASS" signature="attachScreenshot(org.testng.ITestResult)[pri:0, instance:tests.FooterTest@43301423]" name="attachScreenshot" is-config="true" duration-ms="0" started-at="2021-07-05T15:51:33Z" finished-at="2021-07-05T15:51:33Z">
          <params>
            <param index="0">
              <value>
                <![CDATA[[TestResult name=contactUs status=SUCCESS method=FooterTest.contactUs(java.lang.String)[pri:0, instance:tests.FooterTest@43301423] output={null}]]]>
              </value>
            </param>
          </params>
          <reporter-output>
          </reporter-output>
        </test-method> <!-- attachScreenshot -->
        <test-method status="PASS" signature="closeBrowser()[pri:0, instance:tests.FooterTest@43301423]" name="closeBrowser" is-config="true" duration-ms="1065" started-at="2021-07-05T15:51:33Z" finished-at="2021-07-05T15:51:34Z">
          <reporter-output>
          </reporter-output>
        </test-method> <!-- closeBrowser -->
        <test-method status="PASS" signature="intializeWebdriver()[pri:0, instance:tests.FooterTest@43301423]" name="intializeWebdriver" is-config="true" duration-ms="1931" started-at="2021-07-05T15:51:34Z" finished-at="2021-07-05T15:51:36Z">
          <reporter-output>
          </reporter-output>
        </test-method> <!-- intializeWebdriver -->
        <test-method status="PASS" signature="openBrowser()[pri:0, instance:tests.FooterTest@43301423]" name="openBrowser" is-config="true" duration-ms="4591" started-at="2021-07-05T15:51:36Z" finished-at="2021-07-05T15:51:41Z">
          <reporter-output>
          </reporter-output>
        </test-method> <!-- openBrowser -->
        <test-method status="PASS" signature="searchBlog(java.lang.String, java.lang.String)[pri:0, instance:tests.FooterTest@43301423]" name="searchBlog" duration-ms="6976" started-at="2021-07-05T15:51:41Z" data-provider="getBlogData" finished-at="2021-07-05T15:51:48Z">
          <params>
            <param index="0">
              <value>
                <![CDATA[Yes]]>
              </value>
            </param>
            <param index="1">
              <value>
                <![CDATA[Covid19]]>
              </value>
            </param>
          </params>
          <reporter-output>
          </reporter-output>
        </test-method> <!-- searchBlog -->
        <test-method status="PASS" signature="closeBrowser()[pri:0, instance:tests.FooterTest@43301423]" name="closeBrowser" is-config="true" duration-ms="823" started-at="2021-07-05T15:51:48Z" finished-at="2021-07-05T15:51:49Z">
          <reporter-output>
          </reporter-output>
        </test-method> <!-- closeBrowser -->
        <test-method status="PASS" signature="attachScreenshot(org.testng.ITestResult)[pri:0, instance:tests.FooterTest@43301423]" name="attachScreenshot" is-config="true" duration-ms="0" started-at="2021-07-05T15:51:48Z" finished-at="2021-07-05T15:51:48Z">
          <params>
            <param index="0">
              <value>
                <![CDATA[[TestResult name=searchBlog status=SUCCESS method=FooterTest.searchBlog(java.lang.String, java.lang.String)[pri:0, instance:tests.FooterTest@43301423] output={null}]]]>
              </value>
            </param>
          </params>
          <reporter-output>
          </reporter-output>
        </test-method> <!-- attachScreenshot -->
      </class> <!-- tests.FooterTest -->
      <class name="tests.BusHireTest">
        <test-method status="PASS" signature="intializeWebdriver()[pri:0, instance:tests.BusHireTest@1a04f701]" name="intializeWebdriver" is-config="true" duration-ms="1734" started-at="2021-07-05T15:52:22Z" finished-at="2021-07-05T15:52:24Z">
          <reporter-output>
          </reporter-output>
        </test-method> <!-- intializeWebdriver -->
        <test-method status="PASS" signature="openBrowser()[pri:0, instance:tests.BusHireTest@1a04f701]" name="openBrowser" is-config="true" duration-ms="20253" started-at="2021-07-05T15:52:24Z" finished-at="2021-07-05T15:52:44Z">
          <reporter-output>
          </reporter-output>
        </test-method> <!-- openBrowser -->
        <test-method status="PASS" signature="busHireAirport(java.lang.String, java.lang.String, java.lang.String)[pri:0, instance:tests.BusHireTest@1a04f701]" name="busHireAirport" duration-ms="14155" started-at="2021-07-05T15:52:44Z" data-provider="getBusHireAirportData" finished-at="2021-07-05T15:52:59Z">
          <params>
            <param index="0">
              <value>
                <![CDATA[Yes]]>
              </value>
            </param>
            <param index="1">
              <value>
                <![CDATA[Ambattur, Chennai]]>
              </value>
            </param>
            <param index="2">
              <value>
                <![CDATA[20]]>
              </value>
            </param>
          </params>
          <reporter-output>
          </reporter-output>
        </test-method> <!-- busHireAirport -->
        <test-method status="PASS" signature="closeBrowser()[pri:0, instance:tests.BusHireTest@1a04f701]" name="closeBrowser" is-config="true" duration-ms="990" started-at="2021-07-05T15:52:59Z" finished-at="2021-07-05T15:53:00Z">
          <reporter-output>
          </reporter-output>
        </test-method> <!-- closeBrowser -->
        <test-method status="PASS" signature="attachScreenshot(org.testng.ITestResult)[pri:0, instance:tests.BusHireTest@1a04f701]" name="attachScreenshot" is-config="true" duration-ms="0" started-at="2021-07-05T15:52:59Z" finished-at="2021-07-05T15:52:59Z">
          <params>
            <param index="0">
              <value>
                <![CDATA[[TestResult name=busHireAirport status=SUCCESS method=BusHireTest.busHireAirport(java.lang.String, java.lang.String, java.lang.String)[pri:0, instance:tests.BusHireTest@1a04f701] output={null}]]]>
              </value>
            </param>
          </params>
          <reporter-output>
          </reporter-output>
        </test-method> <!-- attachScreenshot -->
        <test-method status="PASS" signature="intializeWebdriver()[pri:0, instance:tests.BusHireTest@1a04f701]" name="intializeWebdriver" is-config="true" duration-ms="1842" started-at="2021-07-05T15:53:00Z" finished-at="2021-07-05T15:53:02Z">
          <reporter-output>
          </reporter-output>
        </test-method> <!-- intializeWebdriver -->
        <test-method status="PASS" signature="openBrowser()[pri:0, instance:tests.BusHireTest@1a04f701]" name="openBrowser" is-config="true" duration-ms="3715" started-at="2021-07-05T15:53:02Z" finished-at="2021-07-05T15:53:05Z">
          <reporter-output>
          </reporter-output>
        </test-method> <!-- openBrowser -->
        <test-method status="PASS" signature="busHireLocal(java.lang.String, java.lang.String, java.lang.String)[pri:0, instance:tests.BusHireTest@1a04f701]" name="busHireLocal" duration-ms="9090" started-at="2021-07-05T15:53:05Z" data-provider="getBusHireLocalData" finished-at="2021-07-05T15:53:14Z">
          <params>
            <param index="0">
              <value>
                <![CDATA[Yes]]>
              </value>
            </param>
            <param index="1">
              <value>
                <![CDATA[Mumbai Central]]>
              </value>
            </param>
            <param index="2">
              <value>
                <![CDATA[20]]>
              </value>
            </param>
          </params>
          <reporter-output>
          </reporter-output>
        </test-method> <!-- busHireLocal -->
        <test-method status="PASS" signature="attachScreenshot(org.testng.ITestResult)[pri:0, instance:tests.BusHireTest@1a04f701]" name="attachScreenshot" is-config="true" duration-ms="0" started-at="2021-07-05T15:53:14Z" finished-at="2021-07-05T15:53:14Z">
          <params>
            <param index="0">
              <value>
                <![CDATA[[TestResult name=busHireLocal status=SUCCESS method=BusHireTest.busHireLocal(java.lang.String, java.lang.String, java.lang.String)[pri:0, instance:tests.BusHireTest@1a04f701] output={null}]]]>
              </value>
            </param>
          </params>
          <reporter-output>
          </reporter-output>
        </test-method> <!-- attachScreenshot -->
        <test-method status="PASS" signature="closeBrowser()[pri:0, instance:tests.BusHireTest@1a04f701]" name="closeBrowser" is-config="true" duration-ms="1093" started-at="2021-07-05T15:53:14Z" finished-at="2021-07-05T15:53:15Z">
          <reporter-output>
          </reporter-output>
        </test-method> <!-- closeBrowser -->
        <test-method status="PASS" signature="intializeWebdriver()[pri:0, instance:tests.BusHireTest@1a04f701]" name="intializeWebdriver" is-config="true" duration-ms="1611" started-at="2021-07-05T15:53:15Z" finished-at="2021-07-05T15:53:17Z">
          <reporter-output>
          </reporter-output>
        </test-method> <!-- intializeWebdriver -->
        <test-method status="PASS" signature="openBrowser()[pri:0, instance:tests.BusHireTest@1a04f701]" name="openBrowser" is-config="true" duration-ms="3987" started-at="2021-07-05T15:53:17Z" finished-at="2021-07-05T15:53:21Z">
          <reporter-output>
          </reporter-output>
        </test-method> <!-- openBrowser -->
        <test-method status="PASS" signature="busHireOutstation(java.lang.String, java.lang.String, java.lang.String, java.lang.String)[pri:0, instance:tests.BusHireTest@1a04f701]" name="busHireOutstation" duration-ms="20296" started-at="2021-07-05T15:53:21Z" data-provider="getBusHireOutstationData" finished-at="2021-07-05T15:53:41Z">
          <params>
            <param index="0">
              <value>
                <![CDATA[Yes]]>
              </value>
            </param>
            <param index="1">
              <value>
                <![CDATA[Mumbai Central]]>
              </value>
            </param>
            <param index="2">
              <value>
                <![CDATA[Gorakhpur Railway]]>
              </value>
            </param>
            <param index="3">
              <value>
                <![CDATA[20]]>
              </value>
            </param>
          </params>
          <reporter-output>
          </reporter-output>
        </test-method> <!-- busHireOutstation -->
        <test-method status="PASS" signature="attachScreenshot(org.testng.ITestResult)[pri:0, instance:tests.BusHireTest@1a04f701]" name="attachScreenshot" is-config="true" duration-ms="1" started-at="2021-07-05T15:53:41Z" finished-at="2021-07-05T15:53:41Z">
          <params>
            <param index="0">
              <value>
                <![CDATA[[TestResult name=busHireOutstation status=SUCCESS method=BusHireTest.busHireOutstation(java.lang.String, java.lang.String, java.lang.String, java.lang.String)[pri:0, instance:tests.BusHireTest@1a04f701] output={null}]]]>
              </value>
            </param>
          </params>
          <reporter-output>
          </reporter-output>
        </test-method> <!-- attachScreenshot -->
        <test-method status="PASS" signature="closeBrowser()[pri:0, instance:tests.BusHireTest@1a04f701]" name="closeBrowser" is-config="true" duration-ms="1375" started-at="2021-07-05T15:53:41Z" finished-at="2021-07-05T15:53:43Z">
          <reporter-output>
          </reporter-output>
        </test-method> <!-- closeBrowser -->
      </class> <!-- tests.BusHireTest -->
      <class name="tests.DonateTest">
        <test-method status="PASS" signature="intializeWebdriver()[pri:0, instance:tests.DonateTest@6dbb137d]" name="intializeWebdriver" is-config="true" duration-ms="3480" started-at="2021-07-05T15:50:02Z" finished-at="2021-07-05T15:50:06Z">
          <reporter-output>
          </reporter-output>
        </test-method> <!-- intializeWebdriver -->
        <test-method status="PASS" signature="openBrowser()[pri:0, instance:tests.DonateTest@6dbb137d]" name="openBrowser" is-config="true" duration-ms="5867" started-at="2021-07-05T15:50:06Z" finished-at="2021-07-05T15:50:12Z">
          <reporter-output>
          </reporter-output>
        </test-method> <!-- openBrowser -->
        <test-method status="PASS" signature="redCareDonate(java.lang.String, java.lang.String, java.lang.String, java.lang.String)[pri:0, instance:tests.DonateTest@6dbb137d]" name="redCareDonate" duration-ms="6906" started-at="2021-07-05T15:50:12Z" data-provider="getDonateData" finished-at="2021-07-05T15:50:19Z">
          <params>
            <param index="0">
              <value>
                <![CDATA[Yes]]>
              </value>
            </param>
            <param index="1">
              <value>
                <![CDATA[Baba Sharma]]>
              </value>
            </param>
            <param index="2">
              <value>
                <![CDATA[Baba@dispomail.xyz]]>
              </value>
            </param>
            <param index="3">
              <value>
                <![CDATA[9876543211]]>
              </value>
            </param>
          </params>
          <reporter-output>
          </reporter-output>
        </test-method> <!-- redCareDonate -->
        <test-method status="PASS" signature="attachScreenshot(org.testng.ITestResult)[pri:0, instance:tests.DonateTest@6dbb137d]" name="attachScreenshot" is-config="true" duration-ms="1" started-at="2021-07-05T15:50:19Z" finished-at="2021-07-05T15:50:19Z">
          <params>
            <param index="0">
              <value>
                <![CDATA[[TestResult name=redCareDonate status=SUCCESS method=DonateTest.redCareDonate(java.lang.String, java.lang.String, java.lang.String, java.lang.String)[pri:0, instance:tests.DonateTest@6dbb137d] output={null}]]]>
              </value>
            </param>
          </params>
          <reporter-output>
          </reporter-output>
        </test-method> <!-- attachScreenshot -->
        <test-method status="PASS" signature="closeBrowser()[pri:0, instance:tests.DonateTest@6dbb137d]" name="closeBrowser" is-config="true" duration-ms="1749" started-at="2021-07-05T15:50:19Z" finished-at="2021-07-05T15:50:20Z">
          <reporter-output>
          </reporter-output>
        </test-method> <!-- closeBrowser -->
      </class> <!-- tests.DonateTest -->
      <class name="tests.SearchBusTest">
        <test-method status="PASS" signature="intializeWebdriver()[pri:0, instance:tests.SearchBusTest@163e4e87]" name="intializeWebdriver" is-config="true" duration-ms="1661" started-at="2021-07-05T15:55:28Z" finished-at="2021-07-05T15:55:29Z">
          <reporter-output>
          </reporter-output>
        </test-method> <!-- intializeWebdriver -->
        <test-method status="PASS" signature="openBrowser()[pri:0, instance:tests.SearchBusTest@163e4e87]" name="openBrowser" is-config="true" duration-ms="3903" started-at="2021-07-05T15:55:29Z" finished-at="2021-07-05T15:55:33Z">
          <reporter-output>
          </reporter-output>
        </test-method> <!-- openBrowser -->
        <test-method status="FAIL" signature="invalidSearchBus(java.lang.String, java.lang.String, java.lang.String, java.lang.String, java.lang.String, java.lang.String)[pri:0, instance:tests.SearchBusTest@163e4e87]" name="invalidSearchBus" duration-ms="5492" started-at="2021-07-05T15:55:33Z" data-provider="getInvalidSearchBusData" finished-at="2021-07-05T15:55:39Z">
          <params>
            <param index="0">
              <value>
                <![CDATA[Yes]]>
              </value>
            </param>
            <param index="1">
              <value>
                <![CDATA[Kashmiri Gate, Delhi]]>
              </value>
            </param>
            <param index="2">
              <value>
                <![CDATA[]]>
              </value>
            </param>
            <param index="3">
              <value>
                <![CDATA[Aug]]>
              </value>
            </param>
            <param index="4">
              <value>
                <![CDATA[2021]]>
              </value>
            </param>
            <param index="5">
              <value>
                <![CDATA[15]]>
              </value>
            </param>
          </params>
          <exception class="java.lang.AssertionError">
            <message>
              <![CDATA[expected [Search Bus Tickets] but found [Book Bus Travels, AC Volvo Bus, rPool & Bus Hire - redBus India]]]>
            </message>
            <full-stacktrace>
              <![CDATA[java.lang.AssertionError: expected [Search Bus Tickets] but found [Book Bus Travels, AC Volvo Bus, rPool & Bus Hire - redBus India]
at org.testng.Assert.fail(Assert.java:96)
at org.testng.Assert.failNotEquals(Assert.java:776)
at org.testng.Assert.assertEqualsImpl(Assert.java:137)
at org.testng.Assert.assertEquals(Assert.java:118)
at org.testng.Assert.assertEquals(Assert.java:453)
at org.testng.Assert.assertEquals(Assert.java:463)
at tests.SearchBusTest.invalidSearchBus(SearchBusTest.java:110)
at sun.reflect.NativeMethodAccessorImpl.invoke0(Native Method)
at sun.reflect.NativeMethodAccessorImpl.invoke(NativeMethodAccessorImpl.java:62)
at sun.reflect.DelegatingMethodAccessorImpl.invoke(DelegatingMethodAccessorImpl.java:43)
at java.lang.reflect.Method.invoke(Method.java:498)
at org.testng.internal.MethodInvocationHelper.invokeMethod(MethodInvocationHelper.java:124)
at org.testng.internal.Invoker.invokeMethod(Invoker.java:583)
at org.testng.internal.Invoker.invokeTestMethod(Invoker.java:719)
at org.testng.internal.Invoker.invokeTestMethods(Invoker.java:989)
at org.testng.internal.TestMethodWorker.invokeTestMethods(TestMethodWorker.java:125)
at org.testng.internal.TestMethodWorker.run(TestMethodWorker.java:109)
at org.testng.TestRunner.privateRun(TestRunner.java:648)
at org.testng.TestRunner.run(TestRunner.java:505)
at org.testng.SuiteRunner.runTest(SuiteRunner.java:455)
at org.testng.SuiteRunner.runSequentially(SuiteRunner.java:450)
at org.testng.SuiteRunner.privateRun(SuiteRunner.java:415)
at org.testng.SuiteRunner.run(SuiteRunner.java:364)
at org.testng.SuiteRunnerWorker.runSuite(SuiteRunnerWorker.java:52)
at org.testng.SuiteRunnerWorker.run(SuiteRunnerWorker.java:84)
at org.testng.TestNG.runSuitesSequentially(TestNG.java:1208)
at org.testng.TestNG.runSuitesLocally(TestNG.java:1137)
at org.testng.TestNG.runSuites(TestNG.java:1049)
at org.testng.TestNG.run(TestNG.java:1017)
at org.testng.remote.AbstractRemoteTestNG.run(AbstractRemoteTestNG.java:115)
at org.testng.remote.RemoteTestNG.initAndRun(RemoteTestNG.java:251)
at org.testng.remote.RemoteTestNG.main(RemoteTestNG.java:77)
]]>
            </full-stacktrace>
          </exception> <!-- java.lang.AssertionError -->
          <reporter-output>
          </reporter-output>
        </test-method> <!-- invalidSearchBus -->
        <test-method status="PASS" signature="attachScreenshot(org.testng.ITestResult)[pri:0, instance:tests.SearchBusTest@163e4e87]" name="attachScreenshot" is-config="true" duration-ms="854" started-at="2021-07-05T15:55:39Z" finished-at="2021-07-05T15:55:40Z">
          <params>
            <param index="0">
              <value>
                <![CDATA[[TestResult name=invalidSearchBus status=FAILURE method=SearchBusTest.invalidSearchBus(java.lang.String, java.lang.String, java.lang.String, java.lang.String, java.lang.String, java.lang.String)[pri:0, instance:tests.SearchBusTest@163e4e87] output={null}]]]>
              </value>
            </param>
          </params>
          <reporter-output>
          </reporter-output>
        </test-method> <!-- attachScreenshot -->
        <test-method status="PASS" signature="closeBrowser()[pri:0, instance:tests.SearchBusTest@163e4e87]" name="closeBrowser" is-config="true" duration-ms="782" started-at="2021-07-05T15:55:40Z" finished-at="2021-07-05T15:55:40Z">
          <reporter-output>
          </reporter-output>
        </test-method> <!-- closeBrowser -->
        <test-method status="PASS" signature="intializeWebdriver()[pri:0, instance:tests.SearchBusTest@163e4e87]" name="intializeWebdriver" is-config="true" duration-ms="1691" started-at="2021-07-05T15:55:40Z" finished-at="2021-07-05T15:55:42Z">
          <reporter-output>
          </reporter-output>
        </test-method> <!-- intializeWebdriver -->
        <test-method status="PASS" signature="openBrowser()[pri:0, instance:tests.SearchBusTest@163e4e87]" name="openBrowser" is-config="true" duration-ms="5648" started-at="2021-07-05T15:55:42Z" finished-at="2021-07-05T15:55:48Z">
          <reporter-output>
          </reporter-output>
        </test-method> <!-- openBrowser -->
        <test-method status="PASS" signature="toggleSearchBus(java.lang.String, java.lang.String, java.lang.String, java.lang.String, java.lang.String, java.lang.String)[pri:0, instance:tests.SearchBusTest@163e4e87]" name="toggleSearchBus" duration-ms="6134" started-at="2021-07-05T15:55:48Z" data-provider="getToggleSearchBusData" finished-at="2021-07-05T15:55:54Z">
          <params>
            <param index="0">
              <value>
                <![CDATA[Yes]]>
              </value>
            </param>
            <param index="1">
              <value>
                <![CDATA[Kashmiri Gate, Delhi]]>
              </value>
            </param>
            <param index="2">
              <value>
                <![CDATA[Chandigarh (Punjab)]]>
              </value>
            </param>
            <param index="3">
              <value>
                <![CDATA[Aug]]>
              </value>
            </param>
            <param index="4">
              <value>
                <![CDATA[2021]]>
              </value>
            </param>
            <param index="5">
              <value>
                <![CDATA[17]]>
              </value>
            </param>
          </params>
          <reporter-output>
          </reporter-output>
        </test-method> <!-- toggleSearchBus -->
        <test-method status="PASS" signature="attachScreenshot(org.testng.ITestResult)[pri:0, instance:tests.SearchBusTest@163e4e87]" name="attachScreenshot" is-config="true" duration-ms="1" started-at="2021-07-05T15:55:54Z" finished-at="2021-07-05T15:55:54Z">
          <params>
            <param index="0">
              <value>
                <![CDATA[[TestResult name=toggleSearchBus status=SUCCESS method=SearchBusTest.toggleSearchBus(java.lang.String, java.lang.String, java.lang.String, java.lang.String, java.lang.String, java.lang.String)[pri:0, instance:tests.SearchBusTest@163e4e87] output={null}]]]>
              </value>
            </param>
          </params>
          <reporter-output>
          </reporter-output>
        </test-method> <!-- attachScreenshot -->
        <test-method status="PASS" signature="closeBrowser()[pri:0, instance:tests.SearchBusTest@163e4e87]" name="closeBrowser" is-config="true" duration-ms="932" started-at="2021-07-05T15:55:54Z" finished-at="2021-07-05T15:55:55Z">
          <reporter-output>
          </reporter-output>
        </test-method> <!-- closeBrowser -->
        <test-method status="PASS" signature="intializeWebdriver()[pri:0, instance:tests.SearchBusTest@163e4e87]" name="intializeWebdriver" is-config="true" duration-ms="1727" started-at="2021-07-05T15:55:55Z" finished-at="2021-07-05T15:55:57Z">
          <reporter-output>
          </reporter-output>
        </test-method> <!-- intializeWebdriver -->
        <test-method status="PASS" signature="openBrowser()[pri:0, instance:tests.SearchBusTest@163e4e87]" name="openBrowser" is-config="true" duration-ms="4089" started-at="2021-07-05T15:55:57Z" finished-at="2021-07-05T15:56:01Z">
          <reporter-output>
          </reporter-output>
        </test-method> <!-- openBrowser -->
        <test-method status="PASS" signature="validSearchBus(java.lang.String, java.lang.String, java.lang.String, java.lang.String, java.lang.String, java.lang.String)[pri:0, instance:tests.SearchBusTest@163e4e87]" name="validSearchBus" duration-ms="6219" started-at="2021-07-05T15:56:01Z" data-provider="getValidSearchBusData" finished-at="2021-07-05T15:56:07Z">
          <params>
            <param index="0">
              <value>
                <![CDATA[Yes]]>
              </value>
            </param>
            <param index="1">
              <value>
                <![CDATA[Kashmiri Gate, Delhi]]>
              </value>
            </param>
            <param index="2">
              <value>
                <![CDATA[Chandigarh (Punjab)]]>
              </value>
            </param>
            <param index="3">
              <value>
                <![CDATA[Aug]]>
              </value>
            </param>
            <param index="4">
              <value>
                <![CDATA[2021]]>
              </value>
            </param>
            <param index="5">
              <value>
                <![CDATA[17]]>
              </value>
            </param>
          </params>
          <reporter-output>
          </reporter-output>
        </test-method> <!-- validSearchBus -->
        <test-method status="PASS" signature="attachScreenshot(org.testng.ITestResult)[pri:0, instance:tests.SearchBusTest@163e4e87]" name="attachScreenshot" is-config="true" duration-ms="1" started-at="2021-07-05T15:56:07Z" finished-at="2021-07-05T15:56:07Z">
          <params>
            <param index="0">
              <value>
                <![CDATA[[TestResult name=validSearchBus status=SUCCESS method=SearchBusTest.validSearchBus(java.lang.String, java.lang.String, java.lang.String, java.lang.String, java.lang.String, java.lang.String)[pri:0, instance:tests.SearchBusTest@163e4e87] output={null}]]]>
              </value>
            </param>
          </params>
          <reporter-output>
          </reporter-output>
        </test-method> <!-- attachScreenshot -->
        <test-method status="PASS" signature="closeBrowser()[pri:0, instance:tests.SearchBusTest@163e4e87]" name="closeBrowser" is-config="true" duration-ms="953" started-at="2021-07-05T15:56:07Z" finished-at="2021-07-05T15:56:08Z">
          <reporter-output>
          </reporter-output>
        </test-method> <!-- closeBrowser -->
      </class> <!-- tests.SearchBusTest -->
    </test> <!-- Test -->
  </suite> <!-- Suite -->
</testng-results>
